<?xml version="1.0" encoding="UTF-8"?>
<testng-results ignored="0" total="1" passed="1" failed="0" skipped="0">
  <reporter-output>
  </reporter-output>
  <suite started-at="2025-06-29T20:36:45 IST" name="Default suite" finished-at="2025-06-29T20:36:50 IST" duration-ms="5159">
    <groups>
    </groups>
    <test started-at="2025-06-29T20:36:45 IST" name="Default test" finished-at="2025-06-29T20:36:50 IST" duration-ms="5159">
      <class name="FirstGETRequest">
        <test-method signature="testCase01()[pri:0, instance:FirstGETRequest@29215f06]" started-at="2025-06-29T20:36:45 IST" name="testCase01" finished-at="2025-06-29T20:36:50 IST" duration-ms="5020" status="PASS">
          <reporter-output>
          </reporter-output>
        </test-method> <!-- testCase01 -->
      </class> <!-- FirstGETRequest -->
    </test> <!-- Default test -->
  </suite> <!-- Default suite -->
</testng-results>
